2024-06-25 14:46:06,057 - ERROR - Error in on_survivor_contact: global name 'GROUP_IDENTIFYING_PERCENTAGE' is not defined
2024-06-25 15:14:44,002 - INFO - Simulation id : addaptive-support_0
2024-06-25 15:14:48,143 - INFO - Simulation id : addaptive-support_0
2024-06-25 15:17:13,364 - INFO - on cantact called
2024-06-25 15:17:13,370 - INFO - Simulation id : addaptive-support_0
2024-06-25 15:17:16,642 - INFO - on cantact called
2024-06-25 15:17:16,648 - INFO - Simulation id : addaptive-support_0
2024-06-25 15:17:21,261 - INFO - on cantact called
2024-06-25 15:17:21,267 - INFO - Simulation id : addaptive-support_0
2024-06-25 15:28:21,406 - INFO - on cantact called
2024-06-25 15:28:21,414 - INFO - Simulation id : addaptive-support_0
2024-06-25 15:28:21,415 - ERROR - Error in on_survivor_contact: [Errno 2] No such file or directory: 'scenarios_temp.json'
2024-06-25 15:30:30,298 - INFO - on cantact called
2024-06-25 15:30:30,305 - INFO - Simulation id : addaptive-support_0
2024-06-25 15:30:30,306 - INFO - loading
2024-06-25 15:30:30,307 - ERROR - Error in on_survivor_contact: 'dict' object has no attribute 'name'
2024-06-25 15:31:43,293 - INFO - on cantact called
2024-06-25 15:31:43,300 - INFO - Simulation id : addaptive-support_0
2024-06-25 15:31:43,301 - INFO - loading
2024-06-25 15:31:43,302 - ERROR - Error in on_survivor_contact: 'dict' object has no attribute 'name'
2024-06-25 15:32:37,401 - INFO - on cantact called
2024-06-25 15:32:37,407 - INFO - Simulation id : addaptive-support_0
2024-06-25 15:32:37,408 - INFO - loading
2024-06-25 15:32:37,410 - INFO - scenario name: no-support
2024-06-25 15:32:37,410 - INFO - scenario name: staff-support
2024-06-25 15:32:37,410 - INFO - scenario name: passenger-support
2024-06-25 15:32:37,411 - INFO - scenario name: addaptive-support
2024-06-25 15:34:06,787 - INFO - on cantact called
2024-06-25 15:34:06,793 - INFO - Simulation id : addaptive-support_0
2024-06-25 15:34:06,794 - INFO - loading
2024-06-25 15:34:06,795 - INFO - scenario name: no-support
2024-06-25 15:34:06,796 - INFO - scenario name: staff-support
2024-06-25 15:34:06,796 - INFO - scenario name: passenger-support
2024-06-25 15:34:06,797 - INFO - scenario name: addaptive-support
2024-06-25 15:34:06,798 - INFO - strategy file name: __pycache__
2024-06-25 15:34:07,657 - INFO - on cantact called
2024-06-25 15:34:07,663 - INFO - Simulation id : addaptive-support_0
2024-06-25 15:34:07,664 - INFO - loading
2024-06-25 15:34:07,666 - INFO - scenario name: no-support
2024-06-25 15:34:07,666 - INFO - scenario name: staff-support
2024-06-25 15:34:07,666 - INFO - scenario name: passenger-support
2024-06-25 15:34:07,667 - INFO - scenario name: addaptive-support
2024-06-25 15:34:07,667 - INFO - strategy file name: __pycache__
2024-06-25 15:35:46,699 - INFO - on cantact called
2024-06-25 15:35:46,705 - INFO - Simulation id : addaptive-support_0
2024-06-25 15:35:46,705 - INFO - loading
2024-06-25 15:35:46,707 - INFO - scenario name: no-support
2024-06-25 15:35:46,707 - INFO - scenario name: staff-support
2024-06-25 15:35:46,708 - INFO - scenario name: passenger-support
2024-06-25 15:35:46,708 - INFO - scenario name: addaptive-support
2024-06-25 15:35:46,709 - INFO - strategy file name: RandomStrategy.py
2024-06-25 15:35:46,710 - ERROR - Error in on_survivor_contact: No module named strategies.RandomStrategy
2024-06-25 15:36:46,115 - INFO - on cantact called
2024-06-25 15:36:46,122 - INFO - Simulation id : addaptive-support_0
2024-06-25 15:36:46,122 - INFO - loading
2024-06-25 15:36:46,124 - INFO - scenario name: no-support
2024-06-25 15:36:46,124 - INFO - scenario name: staff-support
2024-06-25 15:36:46,124 - INFO - scenario name: passenger-support
2024-06-25 15:36:46,125 - INFO - scenario name: addaptive-support
2024-06-25 15:36:46,126 - INFO - strategy file name: __init__.py
2024-06-25 15:36:46,126 - INFO - strategy file name: RandomStrategy.py
2024-06-25 15:36:46,129 - ERROR - Error in on_survivor_contact: 'module' object has no attribute 'RandomStrategy'
2024-06-25 15:37:50,183 - INFO - on cantact called
2024-06-25 15:37:50,190 - INFO - Simulation id : addaptive-support_0
2024-06-25 15:37:50,191 - INFO - loading
2024-06-25 15:37:50,192 - INFO - scenario name: no-support
2024-06-25 15:37:50,193 - INFO - scenario name: staff-support
2024-06-25 15:37:50,193 - INFO - scenario name: passenger-support
2024-06-25 15:37:50,193 - INFO - scenario name: addaptive-support
2024-06-25 15:37:50,194 - INFO - strategy file name: __init__.py
2024-06-25 15:37:50,195 - INFO - strategy file name: __init__.pyc
2024-06-25 15:37:50,195 - INFO - strategy file name: RandomStrategy.py
2024-06-25 15:37:50,931 - INFO - on cantact called
2024-06-25 15:37:50,938 - INFO - Simulation id : addaptive-support_0
2024-06-25 15:37:50,939 - INFO - loading
2024-06-25 15:37:50,940 - INFO - scenario name: no-support
2024-06-25 15:37:50,941 - INFO - scenario name: staff-support
2024-06-25 15:37:50,941 - INFO - scenario name: passenger-support
2024-06-25 15:37:50,941 - INFO - scenario name: addaptive-support
2024-06-25 15:37:50,942 - INFO - strategy file name: __init__.py
2024-06-25 15:37:50,943 - INFO - strategy file name: __init__.pyc
2024-06-25 15:37:50,943 - INFO - strategy file name: RandomStrategy.py
2024-06-25 15:37:51,721 - INFO - on cantact called
2024-06-25 15:37:51,727 - INFO - Simulation id : addaptive-support_0
2024-06-25 15:37:51,728 - INFO - loading
2024-06-25 15:37:51,730 - INFO - scenario name: no-support
2024-06-25 15:37:51,730 - INFO - scenario name: staff-support
2024-06-25 15:37:51,730 - INFO - scenario name: passenger-support
2024-06-25 15:37:51,731 - INFO - scenario name: addaptive-support
2024-06-25 15:37:51,731 - INFO - strategy file name: __init__.py
2024-06-25 15:37:51,732 - INFO - strategy file name: __init__.pyc
2024-06-25 15:37:51,733 - INFO - strategy file name: RandomStrategy.py
2024-06-25 15:39:15,880 - INFO - on cantact called
2024-06-25 15:39:15,887 - INFO - Simulation id : addaptive-support_0
2024-06-25 15:39:15,888 - INFO - loading
2024-06-25 15:39:15,889 - INFO - scenario name: no-support
2024-06-25 15:39:15,889 - INFO - scenario name: staff-support
2024-06-25 15:39:15,890 - INFO - scenario name: passenger-support
2024-06-25 15:39:15,890 - INFO - scenario name: addaptive-support
2024-06-25 15:39:15,891 - INFO - strategy file name: __init__.py
2024-06-25 15:39:15,892 - INFO - strategy file name: __init__.pyc
2024-06-25 15:39:15,892 - INFO - strategy file name: RandomStrategy.py
2024-06-25 15:39:15,894 - INFO - Selected action: ask-help
2024-06-25 15:39:16,538 - INFO - on cantact called
2024-06-25 15:39:16,544 - INFO - Simulation id : addaptive-support_0
2024-06-25 15:39:16,545 - INFO - loading
2024-06-25 15:39:16,546 - INFO - scenario name: no-support
2024-06-25 15:39:16,547 - INFO - scenario name: staff-support
2024-06-25 15:39:16,547 - INFO - scenario name: passenger-support
2024-06-25 15:39:16,548 - INFO - scenario name: addaptive-support
2024-06-25 15:39:16,548 - INFO - strategy file name: __init__.py
2024-06-25 15:39:16,549 - INFO - strategy file name: __init__.pyc
2024-06-25 15:39:16,549 - INFO - strategy file name: RandomStrategy.py
2024-06-25 15:39:16,551 - INFO - Selected action: call-staff
2024-06-25 15:42:22,241 - INFO - on cantact called
2024-06-25 15:42:22,255 - INFO - Simulation id : addaptive-support_29
2024-06-25 15:42:22,257 - INFO - loading
2024-06-25 15:42:22,260 - INFO - scenario name: no-support
2024-06-25 15:42:22,261 - INFO - scenario name: staff-support
2024-06-25 15:42:22,265 - INFO - scenario name: passenger-support
2024-06-25 15:42:22,269 - INFO - scenario name: addaptive-support
2024-06-25 15:42:22,272 - INFO - strategy file name: __init__.py
2024-06-25 15:42:22,273 - INFO - strategy file name: __init__.pyc
2024-06-25 15:42:22,274 - INFO - strategy file name: RandomStrategy.py
2024-06-25 15:42:22,281 - INFO - Selected action: call-staff
2024-06-25 15:42:23,066 - INFO - on cantact called
2024-06-25 15:42:23,094 - INFO - Simulation id : addaptive-support_29
2024-06-25 15:42:23,104 - INFO - loading
2024-06-25 15:42:23,108 - INFO - scenario name: no-support
2024-06-25 15:42:23,110 - INFO - scenario name: staff-support
2024-06-25 15:42:23,112 - INFO - scenario name: passenger-support
2024-06-25 15:42:23,114 - INFO - scenario name: addaptive-support
2024-06-25 15:42:23,118 - INFO - strategy file name: __init__.py
2024-06-25 15:42:23,120 - INFO - strategy file name: __init__.pyc
2024-06-25 15:42:23,122 - INFO - strategy file name: RandomStrategy.py
2024-06-25 15:42:23,128 - INFO - Selected action: ask-help
2024-06-25 15:42:24,490 - INFO - on cantact called
2024-06-25 15:42:24,506 - INFO - Simulation id : addaptive-support_29
2024-06-25 15:42:24,508 - INFO - loading
2024-06-25 15:42:24,513 - INFO - scenario name: no-support
2024-06-25 15:42:24,514 - INFO - scenario name: staff-support
2024-06-25 15:42:24,516 - INFO - scenario name: passenger-support
2024-06-25 15:42:24,518 - INFO - scenario name: addaptive-support
2024-06-25 15:42:24,522 - INFO - strategy file name: __init__.py
2024-06-25 15:42:24,523 - INFO - strategy file name: __init__.pyc
2024-06-25 15:42:24,525 - INFO - strategy file name: RandomStrategy.py
2024-06-25 15:42:24,529 - INFO - Selected action: ask-help
2024-06-25 15:42:25,916 - INFO - on cantact called
2024-06-25 15:42:25,931 - INFO - Simulation id : addaptive-support_29
2024-06-25 15:42:25,937 - INFO - loading
2024-06-25 15:42:25,940 - INFO - scenario name: no-support
2024-06-25 15:42:25,942 - INFO - scenario name: staff-support
2024-06-25 15:42:25,943 - INFO - scenario name: passenger-support
2024-06-25 15:42:25,945 - INFO - scenario name: addaptive-support
2024-06-25 15:42:25,948 - INFO - strategy file name: __init__.py
2024-06-25 15:42:25,950 - INFO - strategy file name: __init__.pyc
2024-06-25 15:42:25,951 - INFO - strategy file name: RandomStrategy.py
2024-06-25 15:42:25,955 - INFO - Selected action: ask-help
2024-06-25 15:42:27,280 - INFO - on cantact called
2024-06-25 15:42:27,293 - INFO - Simulation id : addaptive-support_29
2024-06-25 15:42:27,296 - INFO - loading
2024-06-25 15:42:27,299 - INFO - scenario name: no-support
2024-06-25 15:42:27,300 - INFO - scenario name: staff-support
2024-06-25 15:42:27,302 - INFO - scenario name: passenger-support
2024-06-25 15:42:27,303 - INFO - scenario name: addaptive-support
2024-06-25 15:42:27,305 - INFO - strategy file name: __init__.py
2024-06-25 15:42:27,306 - INFO - strategy file name: __init__.pyc
2024-06-25 15:42:27,307 - INFO - strategy file name: RandomStrategy.py
2024-06-25 15:42:27,310 - INFO - Selected action: call-staff
2024-06-25 15:42:29,286 - INFO - on cantact called
2024-06-25 15:42:29,294 - INFO - Simulation id : addaptive-support_29
2024-06-25 15:42:29,297 - INFO - loading
2024-06-25 15:42:29,299 - INFO - scenario name: no-support
2024-06-25 15:42:29,300 - INFO - scenario name: staff-support
2024-06-25 15:42:29,301 - INFO - scenario name: passenger-support
2024-06-25 15:42:29,302 - INFO - scenario name: addaptive-support
2024-06-25 15:42:29,303 - INFO - strategy file name: __init__.py
2024-06-25 15:42:29,304 - INFO - strategy file name: __init__.pyc
2024-06-25 15:42:29,305 - INFO - strategy file name: RandomStrategy.py
2024-06-25 15:42:29,308 - INFO - Selected action: ask-help
2024-06-25 15:42:30,170 - INFO - on cantact called
2024-06-25 15:42:30,178 - INFO - Simulation id : addaptive-support_29
2024-06-25 15:42:30,179 - INFO - loading
2024-06-25 15:42:30,181 - INFO - scenario name: no-support
2024-06-25 15:42:30,182 - INFO - scenario name: staff-support
2024-06-25 15:42:30,183 - INFO - scenario name: passenger-support
2024-06-25 15:42:30,183 - INFO - scenario name: addaptive-support
2024-06-25 15:42:30,184 - INFO - strategy file name: __init__.py
2024-06-25 15:42:30,185 - INFO - strategy file name: __init__.pyc
2024-06-25 15:42:30,185 - INFO - strategy file name: RandomStrategy.py
2024-06-25 15:42:30,188 - INFO - Selected action: call-staff
2024-06-25 15:42:30,994 - INFO - on cantact called
2024-06-25 15:42:31,002 - INFO - Simulation id : addaptive-support_29
2024-06-25 15:42:31,003 - INFO - loading
2024-06-25 15:42:31,006 - INFO - scenario name: no-support
2024-06-25 15:42:31,006 - INFO - scenario name: staff-support
2024-06-25 15:42:31,007 - INFO - scenario name: passenger-support
2024-06-25 15:42:31,008 - INFO - scenario name: addaptive-support
2024-06-25 15:42:31,009 - INFO - strategy file name: __init__.py
2024-06-25 15:42:31,010 - INFO - strategy file name: __init__.pyc
2024-06-25 15:42:31,010 - INFO - strategy file name: RandomStrategy.py
2024-06-25 15:42:31,013 - INFO - Selected action: ask-help
2024-06-25 15:42:31,602 - INFO - on cantact called
2024-06-25 15:42:31,610 - INFO - Simulation id : addaptive-support_29
2024-06-25 15:42:31,612 - INFO - loading
2024-06-25 15:42:31,614 - INFO - scenario name: no-support
2024-06-25 15:42:31,615 - INFO - scenario name: staff-support
2024-06-25 15:42:31,616 - INFO - scenario name: passenger-support
2024-06-25 15:42:31,617 - INFO - scenario name: addaptive-support
2024-06-25 15:42:31,618 - INFO - strategy file name: __init__.py
2024-06-25 15:42:31,619 - INFO - strategy file name: __init__.pyc
2024-06-25 15:42:31,620 - INFO - strategy file name: RandomStrategy.py
2024-06-25 15:42:31,622 - INFO - Selected action: call-staff
2024-06-25 15:42:31,813 - INFO - on cantact called
2024-06-25 15:42:31,821 - INFO - Simulation id : addaptive-support_29
2024-06-25 15:42:31,824 - INFO - loading
2024-06-25 15:42:31,826 - INFO - scenario name: no-support
2024-06-25 15:42:31,827 - INFO - scenario name: staff-support
2024-06-25 15:42:31,828 - INFO - scenario name: passenger-support
2024-06-25 15:42:31,829 - INFO - scenario name: addaptive-support
2024-06-25 15:42:31,830 - INFO - strategy file name: __init__.py
2024-06-25 15:42:31,831 - INFO - strategy file name: __init__.pyc
2024-06-25 15:42:31,831 - INFO - strategy file name: RandomStrategy.py
2024-06-25 15:42:31,833 - INFO - Selected action: ask-help
2024-06-25 15:42:32,628 - INFO - on cantact called
2024-06-25 15:42:32,636 - INFO - Simulation id : addaptive-support_29
2024-06-25 15:42:32,637 - INFO - loading
2024-06-25 15:42:32,639 - INFO - scenario name: no-support
2024-06-25 15:42:32,639 - INFO - scenario name: staff-support
2024-06-25 15:42:32,640 - INFO - scenario name: passenger-support
2024-06-25 15:42:32,641 - INFO - scenario name: addaptive-support
2024-06-25 15:42:32,642 - INFO - strategy file name: __init__.py
2024-06-25 15:42:32,643 - INFO - strategy file name: __init__.pyc
2024-06-25 15:42:32,644 - INFO - strategy file name: RandomStrategy.py
2024-06-25 15:42:32,646 - INFO - Selected action: ask-help
2024-06-25 15:42:33,203 - INFO - on cantact called
2024-06-25 15:42:33,211 - INFO - Simulation id : addaptive-support_29
2024-06-25 15:42:33,212 - INFO - loading
2024-06-25 15:42:33,214 - INFO - scenario name: no-support
2024-06-25 15:42:33,215 - INFO - scenario name: staff-support
2024-06-25 15:42:33,215 - INFO - scenario name: passenger-support
2024-06-25 15:42:33,216 - INFO - scenario name: addaptive-support
2024-06-25 15:42:33,218 - INFO - strategy file name: __init__.py
2024-06-25 15:42:33,219 - INFO - strategy file name: __init__.pyc
2024-06-25 15:42:33,220 - INFO - strategy file name: RandomStrategy.py
2024-06-25 15:42:33,222 - INFO - Selected action: ask-help
2024-06-25 15:42:33,443 - INFO - on cantact called
2024-06-25 15:42:33,450 - INFO - Simulation id : addaptive-support_29
2024-06-25 15:42:33,451 - INFO - loading
2024-06-25 15:42:33,453 - INFO - scenario name: no-support
2024-06-25 15:42:33,454 - INFO - scenario name: staff-support
2024-06-25 15:42:33,455 - INFO - scenario name: passenger-support
2024-06-25 15:42:33,455 - INFO - scenario name: addaptive-support
2024-06-25 15:42:33,457 - INFO - strategy file name: __init__.py
2024-06-25 15:42:33,458 - INFO - strategy file name: __init__.pyc
2024-06-25 15:42:33,458 - INFO - strategy file name: RandomStrategy.py
2024-06-25 15:42:33,463 - INFO - Selected action: call-staff
2024-06-25 15:42:34,043 - INFO - on cantact called
2024-06-25 15:42:34,051 - INFO - Simulation id : addaptive-support_29
2024-06-25 15:42:34,052 - INFO - loading
2024-06-25 15:42:34,054 - INFO - scenario name: no-support
2024-06-25 15:42:34,055 - INFO - scenario name: staff-support
2024-06-25 15:42:34,056 - INFO - scenario name: passenger-support
2024-06-25 15:42:34,057 - INFO - scenario name: addaptive-support
2024-06-25 15:42:34,058 - INFO - strategy file name: __init__.py
2024-06-25 15:42:34,059 - INFO - strategy file name: __init__.pyc
2024-06-25 15:42:34,062 - INFO - strategy file name: RandomStrategy.py
2024-06-25 15:42:34,065 - INFO - Selected action: call-staff
2024-06-25 15:43:05,780 - INFO - on cantact called
2024-06-25 15:43:05,800 - INFO - Simulation id : addaptive-support_29
2024-06-25 15:43:05,802 - INFO - loading
2024-06-25 15:43:05,806 - INFO - scenario name: no-support
2024-06-25 15:43:05,807 - INFO - scenario name: staff-support
2024-06-25 15:43:05,808 - INFO - scenario name: passenger-support
2024-06-25 15:43:05,810 - INFO - scenario name: addaptive-support
2024-06-25 15:43:05,813 - INFO - strategy file name: __init__.py
2024-06-25 15:43:05,815 - INFO - strategy file name: __init__.pyc
2024-06-25 15:43:05,817 - INFO - strategy file name: RandomStrategy.py
2024-06-25 15:43:05,822 - INFO - Selected action: ask-help
2024-06-25 15:43:07,154 - INFO - on cantact called
2024-06-25 15:43:07,167 - INFO - Simulation id : addaptive-support_29
2024-06-25 15:43:07,170 - INFO - loading
2024-06-25 15:43:07,173 - INFO - scenario name: no-support
2024-06-25 15:43:07,174 - INFO - scenario name: staff-support
2024-06-25 15:43:07,178 - INFO - scenario name: passenger-support
2024-06-25 15:43:07,180 - INFO - scenario name: addaptive-support
2024-06-25 15:43:07,182 - INFO - strategy file name: __init__.py
2024-06-25 15:43:07,185 - INFO - strategy file name: __init__.pyc
2024-06-25 15:43:07,187 - INFO - strategy file name: RandomStrategy.py
2024-06-25 15:43:07,196 - INFO - Selected action: call-staff
2024-06-25 15:43:17,606 - INFO - on cantact called
2024-06-25 15:43:17,615 - INFO - Simulation id : addaptive-support_29
2024-06-25 15:43:17,619 - INFO - loading
2024-06-25 15:43:17,622 - INFO - scenario name: no-support
2024-06-25 15:43:17,624 - INFO - scenario name: staff-support
2024-06-25 15:43:17,626 - INFO - scenario name: passenger-support
2024-06-25 15:43:17,628 - INFO - scenario name: addaptive-support
2024-06-25 15:43:17,630 - INFO - strategy file name: __init__.py
2024-06-25 15:43:17,632 - INFO - strategy file name: __init__.pyc
2024-06-25 15:43:17,633 - INFO - strategy file name: RandomStrategy.py
2024-06-25 15:43:17,640 - INFO - Selected action: call-staff
2024-06-25 15:43:50,976 - INFO - on cantact called
2024-06-25 15:43:50,995 - INFO - Simulation id : addaptive-support_29
2024-06-25 15:43:50,998 - INFO - loading
2024-06-25 15:43:51,006 - INFO - scenario name: no-support
2024-06-25 15:43:51,010 - INFO - scenario name: staff-support
2024-06-25 15:43:51,012 - INFO - scenario name: passenger-support
2024-06-25 15:43:51,014 - INFO - scenario name: addaptive-support
2024-06-25 15:43:51,018 - INFO - strategy file name: __init__.py
2024-06-25 15:43:51,020 - INFO - strategy file name: __init__.pyc
2024-06-25 15:43:51,022 - INFO - strategy file name: RandomStrategy.py
2024-06-25 15:43:51,031 - INFO - Selected action: call-staff
2024-06-25 15:43:52,562 - INFO - on cantact called
2024-06-25 15:43:52,583 - INFO - Simulation id : addaptive-support_29
2024-06-25 15:43:52,592 - INFO - loading
2024-06-25 15:43:52,596 - INFO - scenario name: no-support
2024-06-25 15:43:52,599 - INFO - scenario name: staff-support
2024-06-25 15:43:52,600 - INFO - scenario name: passenger-support
2024-06-25 15:43:52,601 - INFO - scenario name: addaptive-support
2024-06-25 15:43:52,608 - INFO - strategy file name: __init__.py
2024-06-25 15:43:52,609 - INFO - strategy file name: __init__.pyc
2024-06-25 15:43:52,610 - INFO - strategy file name: RandomStrategy.py
2024-06-25 15:43:52,617 - INFO - Selected action: ask-help
2024-06-25 15:43:53,797 - INFO - on cantact called
2024-06-25 15:43:53,809 - INFO - Simulation id : addaptive-support_29
2024-06-25 15:43:53,811 - INFO - loading
2024-06-25 15:43:53,814 - INFO - scenario name: no-support
2024-06-25 15:43:53,817 - INFO - scenario name: staff-support
2024-06-25 15:43:53,821 - INFO - scenario name: passenger-support
2024-06-25 15:43:53,825 - INFO - scenario name: addaptive-support
2024-06-25 15:43:53,829 - INFO - strategy file name: __init__.py
2024-06-25 15:43:53,834 - INFO - strategy file name: __init__.pyc
2024-06-25 15:43:53,836 - INFO - strategy file name: RandomStrategy.py
2024-06-25 15:43:53,843 - INFO - Selected action: call-staff
2024-06-25 15:43:59,118 - INFO - on cantact called
2024-06-25 15:43:59,127 - INFO - Simulation id : addaptive-support_29
2024-06-25 15:43:59,128 - INFO - on cantact called
2024-06-25 15:43:59,130 - INFO - loading
2024-06-25 15:43:59,137 - INFO - scenario name: no-support
2024-06-25 15:43:59,138 - INFO - Simulation id : addaptive-support_29
2024-06-25 15:43:59,139 - INFO - scenario name: staff-support
2024-06-25 15:43:59,142 - INFO - loading
2024-06-25 15:43:59,142 - INFO - scenario name: passenger-support
2024-06-25 15:43:59,144 - INFO - scenario name: addaptive-support
2024-06-25 15:43:59,145 - INFO - scenario name: no-support
2024-06-25 15:43:59,148 - INFO - scenario name: staff-support
2024-06-25 15:43:59,148 - INFO - strategy file name: __init__.py
2024-06-25 15:43:59,149 - INFO - scenario name: passenger-support
2024-06-25 15:43:59,150 - INFO - strategy file name: __init__.pyc
2024-06-25 15:43:59,152 - INFO - scenario name: addaptive-support
2024-06-25 15:43:59,153 - INFO - strategy file name: RandomStrategy.py
2024-06-25 15:43:59,155 - INFO - strategy file name: __init__.py
2024-06-25 15:43:59,158 - INFO - strategy file name: __init__.pyc
2024-06-25 15:43:59,159 - INFO - strategy file name: RandomStrategy.py
2024-06-25 15:43:59,160 - INFO - Selected action: ask-help
2024-06-25 15:43:59,166 - INFO - Selected action: call-staff
2024-06-25 15:44:00,097 - INFO - on cantact called
2024-06-25 15:44:00,106 - INFO - Simulation id : addaptive-support_29
2024-06-25 15:44:00,108 - INFO - loading
2024-06-25 15:44:00,112 - INFO - scenario name: no-support
2024-06-25 15:44:00,113 - INFO - scenario name: staff-support
2024-06-25 15:44:00,115 - INFO - scenario name: passenger-support
2024-06-25 15:44:00,116 - INFO - scenario name: addaptive-support
2024-06-25 15:44:00,119 - INFO - strategy file name: __init__.py
2024-06-25 15:44:00,120 - INFO - strategy file name: __init__.pyc
2024-06-25 15:44:00,122 - INFO - strategy file name: RandomStrategy.py
2024-06-25 15:44:00,127 - INFO - Selected action: call-staff
2024-06-25 15:44:32,807 - INFO - on cantact called
2024-06-25 15:44:32,823 - INFO - Simulation id : addaptive-support_29
2024-06-25 15:44:32,825 - INFO - loading
2024-06-25 15:44:32,827 - INFO - scenario name: no-support
2024-06-25 15:44:32,829 - INFO - scenario name: staff-support
2024-06-25 15:44:32,832 - INFO - scenario name: passenger-support
2024-06-25 15:44:32,833 - INFO - scenario name: addaptive-support
2024-06-25 15:44:32,835 - INFO - strategy file name: __init__.py
2024-06-25 15:44:32,837 - INFO - strategy file name: __init__.pyc
2024-06-25 15:44:32,842 - INFO - strategy file name: RandomStrategy.py
2024-06-25 15:44:32,847 - INFO - Selected action: call-staff
2024-06-25 15:44:35,904 - INFO - on cantact called
2024-06-25 15:44:35,914 - INFO - Simulation id : addaptive-support_29
2024-06-25 15:44:35,917 - INFO - loading
2024-06-25 15:44:35,920 - INFO - scenario name: no-support
2024-06-25 15:44:35,922 - INFO - scenario name: staff-support
2024-06-25 15:44:35,923 - INFO - scenario name: passenger-support
2024-06-25 15:44:35,925 - INFO - scenario name: addaptive-support
2024-06-25 15:44:35,928 - INFO - strategy file name: __init__.py
2024-06-25 15:44:35,930 - INFO - strategy file name: __init__.pyc
2024-06-25 15:44:35,931 - INFO - strategy file name: RandomStrategy.py
2024-06-25 15:44:35,935 - INFO - Selected action: call-staff
2024-06-25 15:44:38,455 - INFO - on cantact called
2024-06-25 15:44:38,467 - INFO - Simulation id : addaptive-support_29
2024-06-25 15:44:38,471 - INFO - loading
2024-06-25 15:44:38,474 - INFO - scenario name: no-support
2024-06-25 15:44:38,475 - INFO - scenario name: staff-support
2024-06-25 15:44:38,476 - INFO - scenario name: passenger-support
2024-06-25 15:44:38,478 - INFO - scenario name: addaptive-support
2024-06-25 15:44:38,482 - INFO - strategy file name: __init__.py
2024-06-25 15:44:38,483 - INFO - strategy file name: __init__.pyc
2024-06-25 15:44:38,490 - INFO - strategy file name: RandomStrategy.py
2024-06-25 15:44:38,494 - INFO - Selected action: call-staff
2024-06-25 15:44:40,234 - INFO - on cantact called
2024-06-25 15:44:40,243 - INFO - Simulation id : addaptive-support_29
2024-06-25 15:44:40,244 - INFO - loading
2024-06-25 15:44:40,247 - INFO - scenario name: no-support
2024-06-25 15:44:40,248 - INFO - scenario name: staff-support
2024-06-25 15:44:40,249 - INFO - scenario name: passenger-support
2024-06-25 15:44:40,250 - INFO - scenario name: addaptive-support
2024-06-25 15:44:40,252 - INFO - strategy file name: __init__.py
2024-06-25 15:44:40,253 - INFO - strategy file name: __init__.pyc
2024-06-25 15:44:40,254 - INFO - strategy file name: RandomStrategy.py
2024-06-25 15:44:40,258 - INFO - Selected action: call-staff
2024-06-25 15:44:40,754 - INFO - on cantact called
2024-06-25 15:44:40,763 - INFO - Simulation id : addaptive-support_29
2024-06-25 15:44:40,765 - INFO - loading
2024-06-25 15:44:40,769 - INFO - scenario name: no-support
2024-06-25 15:44:40,771 - INFO - scenario name: staff-support
2024-06-25 15:44:40,772 - INFO - scenario name: passenger-support
2024-06-25 15:44:40,774 - INFO - scenario name: addaptive-support
2024-06-25 15:44:40,776 - INFO - strategy file name: __init__.py
2024-06-25 15:44:40,777 - INFO - strategy file name: __init__.pyc
2024-06-25 15:44:40,778 - INFO - strategy file name: RandomStrategy.py
2024-06-25 15:44:40,782 - INFO - Selected action: ask-help
2024-06-25 15:44:41,804 - INFO - on cantact called
2024-06-25 15:44:41,813 - INFO - Simulation id : addaptive-support_29
2024-06-25 15:44:41,815 - INFO - loading
2024-06-25 15:44:41,817 - INFO - scenario name: no-support
2024-06-25 15:44:41,819 - INFO - scenario name: staff-support
2024-06-25 15:44:41,823 - INFO - scenario name: passenger-support
2024-06-25 15:44:41,828 - INFO - scenario name: addaptive-support
2024-06-25 15:44:41,832 - INFO - strategy file name: __init__.py
2024-06-25 15:44:41,833 - INFO - strategy file name: __init__.pyc
2024-06-25 15:44:41,835 - INFO - strategy file name: RandomStrategy.py
2024-06-25 15:44:41,840 - INFO - Selected action: call-staff
2024-06-25 15:44:42,439 - INFO - on cantact called
2024-06-25 15:44:42,447 - INFO - Simulation id : addaptive-support_29
2024-06-25 15:44:42,449 - INFO - loading
2024-06-25 15:44:42,451 - INFO - scenario name: no-support
2024-06-25 15:44:42,453 - INFO - scenario name: staff-support
2024-06-25 15:44:42,454 - INFO - scenario name: passenger-support
2024-06-25 15:44:42,455 - INFO - scenario name: addaptive-support
2024-06-25 15:44:42,457 - INFO - strategy file name: __init__.py
2024-06-25 15:44:42,459 - INFO - strategy file name: __init__.pyc
2024-06-25 15:44:42,460 - INFO - strategy file name: RandomStrategy.py
2024-06-25 15:44:42,467 - INFO - Selected action: ask-help
2024-06-25 15:44:43,359 - INFO - on cantact called
2024-06-25 15:44:43,368 - INFO - Simulation id : addaptive-support_29
2024-06-25 15:44:43,369 - INFO - loading
2024-06-25 15:44:43,373 - INFO - scenario name: no-support
2024-06-25 15:44:43,374 - INFO - scenario name: staff-support
2024-06-25 15:44:43,376 - INFO - scenario name: passenger-support
2024-06-25 15:44:43,377 - INFO - scenario name: addaptive-support
2024-06-25 15:44:43,379 - INFO - strategy file name: __init__.py
2024-06-25 15:44:43,381 - INFO - strategy file name: __init__.pyc
2024-06-25 15:44:43,382 - INFO - strategy file name: RandomStrategy.py
2024-06-25 15:44:43,386 - INFO - Selected action: call-staff
2024-06-25 15:44:43,974 - INFO - on cantact called
2024-06-25 15:44:43,982 - INFO - Simulation id : addaptive-support_29
2024-06-25 15:44:43,985 - INFO - loading
2024-06-25 15:44:43,987 - INFO - scenario name: no-support
2024-06-25 15:44:43,989 - INFO - scenario name: staff-support
2024-06-25 15:44:43,989 - INFO - scenario name: passenger-support
2024-06-25 15:44:43,990 - INFO - scenario name: addaptive-support
2024-06-25 15:44:43,992 - INFO - strategy file name: __init__.py
2024-06-25 15:44:43,994 - INFO - strategy file name: __init__.pyc
2024-06-25 15:44:43,995 - INFO - strategy file name: RandomStrategy.py
2024-06-25 15:44:44,000 - INFO - Selected action: call-staff
2024-06-25 15:45:20,492 - INFO - on cantact called
2024-06-25 15:45:20,504 - INFO - Simulation id : addaptive-support_29
2024-06-25 15:45:20,507 - INFO - loading
2024-06-25 15:45:20,512 - INFO - scenario name: no-support
2024-06-25 15:45:20,514 - INFO - scenario name: staff-support
2024-06-25 15:45:20,516 - INFO - scenario name: passenger-support
2024-06-25 15:45:20,520 - INFO - scenario name: addaptive-support
2024-06-25 15:45:20,524 - INFO - strategy file name: __init__.py
2024-06-25 15:45:20,525 - INFO - strategy file name: __init__.pyc
2024-06-25 15:45:20,527 - INFO - strategy file name: RandomStrategy.py
2024-06-25 15:45:20,534 - INFO - Selected action: call-staff
2024-06-25 15:45:22,070 - INFO - on cantact called
2024-06-25 15:45:22,080 - INFO - Simulation id : addaptive-support_29
2024-06-25 15:45:22,082 - INFO - loading
2024-06-25 15:45:22,086 - INFO - scenario name: no-support
2024-06-25 15:45:22,088 - INFO - scenario name: staff-support
2024-06-25 15:45:22,089 - INFO - scenario name: passenger-support
2024-06-25 15:45:22,091 - INFO - scenario name: addaptive-support
2024-06-25 15:45:22,093 - INFO - strategy file name: __init__.py
2024-06-25 15:45:22,095 - INFO - strategy file name: __init__.pyc
2024-06-25 15:45:22,096 - INFO - strategy file name: RandomStrategy.py
2024-06-25 15:45:22,104 - INFO - Selected action: ask-help
2024-06-25 15:45:23,035 - INFO - on cantact called
2024-06-25 15:45:23,046 - INFO - Simulation id : addaptive-support_29
2024-06-25 15:45:23,048 - INFO - loading
2024-06-25 15:45:23,052 - INFO - scenario name: no-support
2024-06-25 15:45:23,053 - INFO - scenario name: staff-support
2024-06-25 15:45:23,054 - INFO - scenario name: passenger-support
2024-06-25 15:45:23,056 - INFO - scenario name: addaptive-support
2024-06-25 15:45:23,058 - INFO - strategy file name: __init__.py
2024-06-25 15:45:23,059 - INFO - strategy file name: __init__.pyc
2024-06-25 15:45:23,061 - INFO - strategy file name: RandomStrategy.py
2024-06-25 15:45:23,064 - INFO - Selected action: ask-help
2024-06-25 15:45:24,019 - INFO - on cantact called
2024-06-25 15:45:24,028 - INFO - Simulation id : addaptive-support_29
2024-06-25 15:45:24,030 - INFO - loading
2024-06-25 15:45:24,033 - INFO - scenario name: no-support
2024-06-25 15:45:24,035 - INFO - scenario name: staff-support
2024-06-25 15:45:24,037 - INFO - scenario name: passenger-support
2024-06-25 15:45:24,038 - INFO - scenario name: addaptive-support
2024-06-25 15:45:24,041 - INFO - strategy file name: __init__.py
2024-06-25 15:45:24,043 - INFO - strategy file name: __init__.pyc
2024-06-25 15:45:24,044 - INFO - strategy file name: RandomStrategy.py
2024-06-25 15:45:24,049 - INFO - Selected action: call-staff
2024-06-25 15:45:26,264 - INFO - on cantact called
2024-06-25 15:45:26,272 - INFO - Simulation id : addaptive-support_29
2024-06-25 15:45:26,274 - INFO - loading
2024-06-25 15:45:26,277 - INFO - scenario name: no-support
2024-06-25 15:45:26,278 - INFO - scenario name: staff-support
2024-06-25 15:45:26,280 - INFO - scenario name: passenger-support
2024-06-25 15:45:26,281 - INFO - scenario name: addaptive-support
2024-06-25 15:45:26,283 - INFO - strategy file name: __init__.py
2024-06-25 15:45:26,285 - INFO - strategy file name: __init__.pyc
2024-06-25 15:45:26,286 - INFO - strategy file name: RandomStrategy.py
2024-06-25 15:45:26,290 - INFO - Selected action: ask-help
2024-06-25 15:45:27,178 - INFO - on cantact called
2024-06-25 15:45:27,190 - INFO - Simulation id : addaptive-support_29
2024-06-25 15:45:27,192 - INFO - loading
2024-06-25 15:45:27,195 - INFO - scenario name: no-support
2024-06-25 15:45:27,197 - INFO - scenario name: staff-support
2024-06-25 15:45:27,198 - INFO - scenario name: passenger-support
2024-06-25 15:45:27,199 - INFO - scenario name: addaptive-support
2024-06-25 15:45:27,203 - INFO - strategy file name: __init__.py
2024-06-25 15:45:27,204 - INFO - strategy file name: __init__.pyc
2024-06-25 15:45:27,206 - INFO - strategy file name: RandomStrategy.py
2024-06-25 15:45:27,212 - INFO - Selected action: call-staff
2024-06-25 15:47:09,058 - INFO - on cantact called
2024-06-25 15:47:09,070 - INFO - Simulation id : addaptive-support_29
2024-06-25 15:47:09,072 - INFO - loading
2024-06-25 15:47:09,076 - INFO - scenario name: no-support
2024-06-25 15:47:09,077 - INFO - scenario name: staff-support
2024-06-25 15:47:09,079 - INFO - scenario name: passenger-support
2024-06-25 15:47:09,086 - INFO - scenario name: addaptive-support
2024-06-25 15:47:09,089 - INFO - strategy file name: __init__.py
2024-06-25 15:47:09,090 - INFO - strategy file name: __init__.pyc
2024-06-25 15:47:09,093 - INFO - strategy file name: RandomStrategy.py
2024-06-25 15:47:09,103 - INFO - Selected action: call-staff
2024-06-25 15:47:12,168 - INFO - on cantact called
2024-06-25 15:47:12,184 - INFO - Simulation id : addaptive-support_29
2024-06-25 15:47:12,186 - INFO - loading
2024-06-25 15:47:12,190 - INFO - scenario name: no-support
2024-06-25 15:47:12,192 - INFO - scenario name: staff-support
2024-06-25 15:47:12,193 - INFO - scenario name: passenger-support
2024-06-25 15:47:12,194 - INFO - scenario name: addaptive-support
2024-06-25 15:47:12,198 - INFO - strategy file name: __init__.py
2024-06-25 15:47:12,200 - INFO - strategy file name: __init__.pyc
2024-06-25 15:47:12,201 - INFO - strategy file name: RandomStrategy.py
2024-06-25 15:47:12,205 - INFO - Selected action: call-staff
2024-06-25 15:47:59,848 - INFO - on cantact called
2024-06-25 15:47:59,857 - INFO - Simulation id : addaptive-support_29
2024-06-25 15:47:59,859 - INFO - loading
2024-06-25 15:47:59,863 - INFO - scenario name: no-support
2024-06-25 15:47:59,864 - INFO - scenario name: staff-support
2024-06-25 15:47:59,865 - INFO - scenario name: passenger-support
2024-06-25 15:47:59,866 - INFO - scenario name: addaptive-support
2024-06-25 15:47:59,869 - INFO - strategy file name: __init__.py
2024-06-25 15:47:59,870 - INFO - strategy file name: __init__.pyc
2024-06-25 15:47:59,871 - INFO - strategy file name: RandomStrategy.py
2024-06-25 15:47:59,874 - INFO - Selected action: call-staff
2024-06-25 15:48:00,858 - INFO - on cantact called
2024-06-25 15:48:00,867 - INFO - Simulation id : addaptive-support_29
2024-06-25 15:48:00,868 - INFO - loading
2024-06-25 15:48:00,871 - INFO - scenario name: no-support
2024-06-25 15:48:00,872 - INFO - scenario name: staff-support
2024-06-25 15:48:00,873 - INFO - scenario name: passenger-support
2024-06-25 15:48:00,874 - INFO - scenario name: addaptive-support
2024-06-25 15:48:00,876 - INFO - strategy file name: __init__.py
2024-06-25 15:48:00,877 - INFO - strategy file name: __init__.pyc
2024-06-25 15:48:00,878 - INFO - strategy file name: RandomStrategy.py
2024-06-25 15:48:00,882 - INFO - Selected action: ask-help
2024-06-25 15:48:01,706 - INFO - on cantact called
2024-06-25 15:48:01,715 - INFO - Simulation id : addaptive-support_29
2024-06-25 15:48:01,716 - INFO - loading
2024-06-25 15:48:01,718 - INFO - scenario name: no-support
2024-06-25 15:48:01,719 - INFO - scenario name: staff-support
2024-06-25 15:48:01,720 - INFO - scenario name: passenger-support
2024-06-25 15:48:01,720 - INFO - scenario name: addaptive-support
2024-06-25 15:48:01,721 - INFO - strategy file name: __init__.py
2024-06-25 15:48:01,722 - INFO - strategy file name: __init__.pyc
2024-06-25 15:48:01,723 - INFO - strategy file name: RandomStrategy.py
2024-06-25 15:48:01,725 - INFO - Selected action: ask-help
2024-06-25 15:48:02,572 - INFO - on cantact called
2024-06-25 15:48:02,580 - INFO - Simulation id : addaptive-support_29
2024-06-25 15:48:02,581 - INFO - loading
2024-06-25 15:48:02,583 - INFO - scenario name: no-support
2024-06-25 15:48:02,584 - INFO - scenario name: staff-support
2024-06-25 15:48:02,585 - INFO - scenario name: passenger-support
2024-06-25 15:48:02,587 - INFO - scenario name: addaptive-support
2024-06-25 15:48:02,588 - INFO - strategy file name: __init__.py
2024-06-25 15:48:02,590 - INFO - strategy file name: __init__.pyc
2024-06-25 15:48:02,591 - INFO - strategy file name: RandomStrategy.py
2024-06-25 15:48:02,594 - INFO - Selected action: ask-help
2024-06-25 15:48:03,436 - INFO - on cantact called
2024-06-25 15:48:03,443 - INFO - Simulation id : addaptive-support_29
2024-06-25 15:48:03,445 - INFO - loading
2024-06-25 15:48:03,447 - INFO - scenario name: no-support
2024-06-25 15:48:03,447 - INFO - scenario name: staff-support
2024-06-25 15:48:03,448 - INFO - scenario name: passenger-support
2024-06-25 15:48:03,449 - INFO - scenario name: addaptive-support
2024-06-25 15:48:03,451 - INFO - strategy file name: __init__.py
2024-06-25 15:48:03,452 - INFO - strategy file name: __init__.pyc
2024-06-25 15:48:03,453 - INFO - strategy file name: RandomStrategy.py
2024-06-25 15:48:03,456 - INFO - Selected action: ask-help
2024-06-25 15:48:04,325 - INFO - on cantact called
2024-06-25 15:48:04,334 - INFO - Simulation id : addaptive-support_29
2024-06-25 15:48:04,336 - INFO - loading
2024-06-25 15:48:04,337 - INFO - scenario name: no-support
2024-06-25 15:48:04,338 - INFO - scenario name: staff-support
2024-06-25 15:48:04,339 - INFO - scenario name: passenger-support
2024-06-25 15:48:04,339 - INFO - scenario name: addaptive-support
2024-06-25 15:48:04,340 - INFO - strategy file name: __init__.py
2024-06-25 15:48:04,341 - INFO - strategy file name: __init__.pyc
2024-06-25 15:48:04,342 - INFO - strategy file name: RandomStrategy.py
2024-06-25 15:48:04,345 - INFO - Selected action: ask-help
2024-06-25 15:48:05,183 - INFO - on cantact called
2024-06-25 15:48:05,191 - INFO - Simulation id : addaptive-support_29
2024-06-25 15:48:05,192 - INFO - loading
2024-06-25 15:48:05,195 - INFO - scenario name: no-support
2024-06-25 15:48:05,196 - INFO - scenario name: staff-support
2024-06-25 15:48:05,196 - INFO - scenario name: passenger-support
2024-06-25 15:48:05,197 - INFO - scenario name: addaptive-support
2024-06-25 15:48:05,198 - INFO - strategy file name: __init__.py
2024-06-25 15:48:05,199 - INFO - strategy file name: __init__.pyc
2024-06-25 15:48:05,200 - INFO - strategy file name: RandomStrategy.py
2024-06-25 15:48:05,204 - INFO - Selected action: call-staff
2024-06-25 15:48:32,119 - INFO - on cantact called
2024-06-25 15:48:32,127 - INFO - Simulation id : addaptive-support_29
2024-06-25 15:48:32,129 - INFO - loading
2024-06-25 15:48:32,131 - INFO - scenario name: no-support
2024-06-25 15:48:32,132 - INFO - scenario name: staff-support
2024-06-25 15:48:32,133 - INFO - scenario name: passenger-support
2024-06-25 15:48:32,134 - INFO - scenario name: addaptive-support
2024-06-25 15:48:32,135 - INFO - strategy file name: __init__.py
2024-06-25 15:48:32,136 - INFO - strategy file name: __init__.pyc
2024-06-25 15:48:32,137 - INFO - strategy file name: RandomStrategy.py
2024-06-25 15:48:32,139 - INFO - Selected action: call-staff
2024-06-25 15:48:33,487 - INFO - on cantact called
2024-06-25 15:48:33,494 - INFO - Simulation id : addaptive-support_29
2024-06-25 15:48:33,495 - INFO - loading
2024-06-25 15:48:33,497 - INFO - scenario name: no-support
2024-06-25 15:48:33,498 - INFO - scenario name: staff-support
2024-06-25 15:48:33,498 - INFO - scenario name: passenger-support
2024-06-25 15:48:33,498 - INFO - scenario name: addaptive-support
2024-06-25 15:48:33,499 - INFO - strategy file name: __init__.py
2024-06-25 15:48:33,500 - INFO - strategy file name: __init__.pyc
2024-06-25 15:48:33,501 - INFO - strategy file name: RandomStrategy.py
2024-06-25 15:48:33,502 - INFO - Selected action: ask-help
2024-06-25 15:48:33,704 - INFO - on cantact called
2024-06-25 15:48:33,713 - INFO - Simulation id : addaptive-support_29
2024-06-25 15:48:33,715 - INFO - loading
2024-06-25 15:48:33,717 - INFO - scenario name: no-support
2024-06-25 15:48:33,718 - INFO - scenario name: staff-support
2024-06-25 15:48:33,719 - INFO - scenario name: passenger-support
2024-06-25 15:48:33,720 - INFO - scenario name: addaptive-support
2024-06-25 15:48:33,721 - INFO - strategy file name: __init__.py
2024-06-25 15:48:33,722 - INFO - strategy file name: __init__.pyc
2024-06-25 15:48:33,722 - INFO - strategy file name: RandomStrategy.py
2024-06-25 15:48:33,725 - INFO - Selected action: ask-help
2024-06-25 15:48:33,955 - INFO - on cantact called
2024-06-25 15:48:33,963 - INFO - Simulation id : addaptive-support_29
2024-06-25 15:48:33,965 - INFO - loading
2024-06-25 15:48:33,967 - INFO - scenario name: no-support
2024-06-25 15:48:33,968 - INFO - scenario name: staff-support
2024-06-25 15:48:33,969 - INFO - scenario name: passenger-support
2024-06-25 15:48:33,970 - INFO - scenario name: addaptive-support
2024-06-25 15:48:33,971 - INFO - strategy file name: __init__.py
2024-06-25 15:48:33,972 - INFO - strategy file name: __init__.pyc
2024-06-25 15:48:33,972 - INFO - strategy file name: RandomStrategy.py
2024-06-25 15:48:33,974 - INFO - Selected action: call-staff
2024-06-25 15:48:34,441 - INFO - on cantact called
2024-06-25 15:48:34,450 - INFO - Simulation id : addaptive-support_29
2024-06-25 15:48:34,451 - INFO - loading
2024-06-25 15:48:34,453 - INFO - scenario name: no-support
2024-06-25 15:48:34,454 - INFO - scenario name: staff-support
2024-06-25 15:48:34,455 - INFO - scenario name: passenger-support
2024-06-25 15:48:34,456 - INFO - scenario name: addaptive-support
2024-06-25 15:48:34,457 - INFO - strategy file name: __init__.py
2024-06-25 15:48:34,457 - INFO - strategy file name: __init__.pyc
2024-06-25 15:48:34,458 - INFO - strategy file name: RandomStrategy.py
2024-06-25 15:48:34,460 - INFO - Selected action: ask-help
2024-06-25 15:48:34,680 - INFO - on cantact called
2024-06-25 15:48:34,690 - INFO - Simulation id : addaptive-support_29
2024-06-25 15:48:34,691 - INFO - loading
2024-06-25 15:48:34,692 - INFO - scenario name: no-support
2024-06-25 15:48:34,693 - INFO - scenario name: staff-support
2024-06-25 15:48:34,693 - INFO - scenario name: passenger-support
2024-06-25 15:48:34,694 - INFO - scenario name: addaptive-support
2024-06-25 15:48:34,695 - INFO - strategy file name: __init__.py
2024-06-25 15:48:34,696 - INFO - strategy file name: __init__.pyc
2024-06-25 15:48:34,697 - INFO - strategy file name: RandomStrategy.py
2024-06-25 15:48:34,699 - INFO - Selected action: ask-help
2024-06-25 15:48:35,374 - INFO - on cantact called
2024-06-25 15:48:35,381 - INFO - Simulation id : addaptive-support_29
2024-06-25 15:48:35,383 - INFO - loading
2024-06-25 15:48:35,385 - INFO - scenario name: no-support
2024-06-25 15:48:35,387 - INFO - scenario name: staff-support
2024-06-25 15:48:35,388 - INFO - scenario name: passenger-support
2024-06-25 15:48:35,388 - INFO - scenario name: addaptive-support
2024-06-25 15:48:35,389 - INFO - strategy file name: __init__.py
2024-06-25 15:48:35,390 - INFO - strategy file name: __init__.pyc
2024-06-25 15:48:35,391 - INFO - strategy file name: RandomStrategy.py
2024-06-25 15:48:35,393 - INFO - Selected action: call-staff
2024-06-25 15:48:35,619 - INFO - on cantact called
2024-06-25 15:48:35,626 - INFO - Simulation id : addaptive-support_29
2024-06-25 15:48:35,628 - INFO - loading
2024-06-25 15:48:35,631 - INFO - scenario name: no-support
2024-06-25 15:48:35,632 - INFO - scenario name: staff-support
2024-06-25 15:48:35,633 - INFO - scenario name: passenger-support
2024-06-25 15:48:35,634 - INFO - scenario name: addaptive-support
2024-06-25 15:48:35,635 - INFO - strategy file name: __init__.py
2024-06-25 15:48:35,635 - INFO - strategy file name: __init__.pyc
2024-06-25 15:48:35,636 - INFO - strategy file name: RandomStrategy.py
2024-06-25 15:48:35,638 - INFO - Selected action: call-staff
2024-06-25 15:48:37,054 - INFO - on cantact called
2024-06-25 15:48:37,062 - INFO - Simulation id : addaptive-support_29
2024-06-25 15:48:37,063 - INFO - loading
2024-06-25 15:48:37,065 - INFO - scenario name: no-support
2024-06-25 15:48:37,065 - INFO - scenario name: staff-support
2024-06-25 15:48:37,065 - INFO - scenario name: passenger-support
2024-06-25 15:48:37,066 - INFO - scenario name: addaptive-support
2024-06-25 15:48:37,067 - INFO - strategy file name: __init__.py
2024-06-25 15:48:37,068 - INFO - strategy file name: __init__.pyc
2024-06-25 15:48:37,068 - INFO - strategy file name: RandomStrategy.py
2024-06-25 15:48:37,070 - INFO - Selected action: ask-help
2024-06-25 15:48:37,557 - INFO - on cantact called
2024-06-25 15:48:37,565 - INFO - Simulation id : addaptive-support_29
2024-06-25 15:48:37,567 - INFO - loading
2024-06-25 15:48:37,569 - INFO - scenario name: no-support
2024-06-25 15:48:37,569 - INFO - scenario name: staff-support
2024-06-25 15:48:37,570 - INFO - scenario name: passenger-support
2024-06-25 15:48:37,571 - INFO - scenario name: addaptive-support
2024-06-25 15:48:37,572 - INFO - strategy file name: __init__.py
2024-06-25 15:48:37,573 - INFO - strategy file name: __init__.pyc
2024-06-25 15:48:37,574 - INFO - strategy file name: RandomStrategy.py
2024-06-25 15:48:37,577 - INFO - Selected action: call-staff
2024-06-25 15:48:37,957 - INFO - on cantact called
2024-06-25 15:48:37,965 - INFO - Simulation id : addaptive-support_29
2024-06-25 15:48:37,966 - INFO - loading
2024-06-25 15:48:37,968 - INFO - scenario name: no-support
2024-06-25 15:48:37,969 - INFO - scenario name: staff-support
2024-06-25 15:48:37,969 - INFO - scenario name: passenger-support
2024-06-25 15:48:37,970 - INFO - scenario name: addaptive-support
2024-06-25 15:48:37,971 - INFO - strategy file name: __init__.py
2024-06-25 15:48:37,971 - INFO - strategy file name: __init__.pyc
2024-06-25 15:48:37,972 - INFO - strategy file name: RandomStrategy.py
2024-06-25 15:48:37,974 - INFO - Selected action: call-staff
2024-06-25 15:48:38,555 - INFO - on cantact called
2024-06-25 15:48:38,565 - INFO - Simulation id : addaptive-support_29
2024-06-25 15:48:38,567 - INFO - loading
2024-06-25 15:48:38,569 - INFO - scenario name: no-support
2024-06-25 15:48:38,570 - INFO - scenario name: staff-support
2024-06-25 15:48:38,571 - INFO - scenario name: passenger-support
2024-06-25 15:48:38,571 - INFO - scenario name: addaptive-support
2024-06-25 15:48:38,572 - INFO - strategy file name: __init__.py
2024-06-25 15:48:38,573 - INFO - strategy file name: __init__.pyc
2024-06-25 15:48:38,573 - INFO - strategy file name: RandomStrategy.py
2024-06-25 15:48:38,575 - INFO - Selected action: ask-help
2024-06-25 15:48:39,446 - INFO - on cantact called
2024-06-25 15:48:39,454 - INFO - Simulation id : addaptive-support_29
2024-06-25 15:48:39,455 - INFO - loading
2024-06-25 15:48:39,457 - INFO - scenario name: no-support
2024-06-25 15:48:39,458 - INFO - scenario name: staff-support
2024-06-25 15:48:39,458 - INFO - scenario name: passenger-support
2024-06-25 15:48:39,459 - INFO - scenario name: addaptive-support
2024-06-25 15:48:39,461 - INFO - strategy file name: __init__.py
2024-06-25 15:48:39,461 - INFO - strategy file name: __init__.pyc
2024-06-25 15:48:39,462 - INFO - strategy file name: RandomStrategy.py
2024-06-25 15:48:39,464 - INFO - Selected action: call-staff
2024-06-25 15:48:40,010 - INFO - on cantact called
2024-06-25 15:48:40,017 - INFO - Simulation id : addaptive-support_29
2024-06-25 15:48:40,018 - INFO - loading
2024-06-25 15:48:40,021 - INFO - scenario name: no-support
2024-06-25 15:48:40,021 - INFO - scenario name: staff-support
2024-06-25 15:48:40,022 - INFO - scenario name: passenger-support
2024-06-25 15:48:40,023 - INFO - scenario name: addaptive-support
2024-06-25 15:48:40,024 - INFO - strategy file name: __init__.py
2024-06-25 15:48:40,025 - INFO - strategy file name: __init__.pyc
2024-06-25 15:48:40,025 - INFO - strategy file name: RandomStrategy.py
2024-06-25 15:48:40,028 - INFO - Selected action: call-staff
2024-06-25 15:48:41,722 - INFO - on cantact called
2024-06-25 15:48:41,729 - INFO - Simulation id : addaptive-support_29
2024-06-25 15:48:41,730 - INFO - loading
2024-06-25 15:48:41,732 - INFO - scenario name: no-support
2024-06-25 15:48:41,732 - INFO - scenario name: staff-support
2024-06-25 15:48:41,733 - INFO - scenario name: passenger-support
2024-06-25 15:48:41,734 - INFO - scenario name: addaptive-support
2024-06-25 15:48:41,735 - INFO - strategy file name: __init__.py
2024-06-25 15:48:41,736 - INFO - strategy file name: __init__.pyc
2024-06-25 15:48:41,736 - INFO - strategy file name: RandomStrategy.py
2024-06-25 15:48:41,738 - INFO - Selected action: call-staff
2024-06-25 15:48:44,297 - INFO - on cantact called
2024-06-25 15:48:44,307 - INFO - Simulation id : addaptive-support_29
2024-06-25 15:48:44,308 - INFO - loading
2024-06-25 15:48:44,310 - INFO - scenario name: no-support
2024-06-25 15:48:44,311 - INFO - scenario name: staff-support
2024-06-25 15:48:44,311 - INFO - scenario name: passenger-support
2024-06-25 15:48:44,312 - INFO - scenario name: addaptive-support
2024-06-25 15:48:44,313 - INFO - strategy file name: __init__.py
2024-06-25 15:48:44,314 - INFO - strategy file name: __init__.pyc
2024-06-25 15:48:44,314 - INFO - strategy file name: RandomStrategy.py
2024-06-25 15:48:44,316 - INFO - Selected action: call-staff
